<?xml version="1.0" encoding="UTF-8"?>
<testsuite name="com.lrm.service.BlogServiceImplTest" time="0.003" tests="17" errors="0" skipped="0" failures="0">
  <properties>
    <property name="java.runtime.name" value="Java(TM) SE Runtime Environment"/>
    <property name="sun.boot.library.path" value="/Library/Java/JavaVirtualMachines/jdk-1.8.jdk/Contents/Home/jre/lib"/>
    <property name="java.vm.version" value="25.461-b11"/>
    <property name="gopherProxySet" value="false"/>
    <property name="java.vm.vendor" value="Oracle Corporation"/>
    <property name="maven.multiModuleProjectDirectory" value="/Users/qinhaochang/desktop/blog"/>
    <property name="java.vendor.url" value="https://java.oracle.com/"/>
    <property name="path.separator" value=":"/>
    <property name="guice.disable.misplaced.annotation.check" value="true"/>
    <property name="java.vm.name" value="Java HotSpot(TM) 64-Bit Server VM"/>
    <property name="file.encoding.pkg" value="sun.io"/>
    <property name="user.country" value="US"/>
    <property name="sun.java.launcher" value="SUN_STANDARD"/>
    <property name="sun.os.patch.level" value="unknown"/>
    <property name="java.vm.specification.name" value="Java Virtual Machine Specification"/>
    <property name="user.dir" value="/Users/qinhaochang/Desktop/blog"/>
    <property name="java.runtime.version" value="1.8.0_461-b11"/>
    <property name="java.awt.graphicsenv" value="sun.awt.CGraphicsEnvironment"/>
    <property name="java.endorsed.dirs" value="/Library/Java/JavaVirtualMachines/jdk-1.8.jdk/Contents/Home/jre/lib/endorsed"/>
    <property name="os.arch" value="aarch64"/>
    <property name="java.io.tmpdir" value="/var/folders/ss/tctvy_b10mvbyzq86581xhfr0000gn/T/"/>
    <property name="line.separator" value="&#10;"/>
    <property name="java.vm.specification.vendor" value="Oracle Corporation"/>
    <property name="os.name" value="Mac OS X"/>
    <property name="classworlds.conf" value="/Users/qinhaochang/Tool/apache-maven-3.9.9/bin/m2.conf"/>
    <property name="sun.jnu.encoding" value="UTF-8"/>
    <property name="java.library.path" value="/Users/qinhaochang/Library/Java/Extensions:/Library/Java/Extensions:/Network/Library/Java/Extensions:/System/Library/Java/Extensions:/usr/lib/java:."/>
    <property name="maven.conf" value="/Users/qinhaochang/Tool/apache-maven-3.9.9/conf"/>
    <property name="java.specification.name" value="Java Platform API Specification"/>
    <property name="java.class.version" value="52.0"/>
    <property name="sun.management.compiler" value="HotSpot 64-Bit Tiered Compilers"/>
    <property name="os.version" value="15.7.1"/>
    <property name="library.jansi.path" value="/Users/qinhaochang/Tool/apache-maven-3.9.9/lib/jansi-native"/>
    <property name="http.nonProxyHosts" value="local|*.local|169.254/16|*.169.254/16"/>
    <property name="user.home" value="/Users/qinhaochang"/>
    <property name="user.timezone" value="America/Los_Angeles"/>
    <property name="java.awt.printerjob" value="sun.lwawt.macosx.CPrinterJob"/>
    <property name="java.specification.version" value="1.8"/>
    <property name="file.encoding" value="UTF-8"/>
    <property name="user.name" value="qinhaochang"/>
    <property name="java.class.path" value="/Users/qinhaochang/Tool/apache-maven-3.9.9/boot/plexus-classworlds-2.8.0.jar"/>
    <property name="java.vm.specification.version" value="1.8"/>
    <property name="sun.arch.data.model" value="64"/>
    <property name="java.home" value="/Library/Java/JavaVirtualMachines/jdk-1.8.jdk/Contents/Home/jre"/>
    <property name="sun.java.command" value="org.codehaus.plexus.classworlds.launcher.Launcher test"/>
    <property name="java.specification.vendor" value="Oracle Corporation"/>
    <property name="user.language" value="en"/>
    <property name="awt.toolkit" value="sun.lwawt.macosx.LWCToolkit"/>
    <property name="java.vm.info" value="mixed mode"/>
    <property name="java.version" value="1.8.0_461"/>
    <property name="java.ext.dirs" value="/Users/qinhaochang/Library/Java/Extensions:/Library/Java/JavaVirtualMachines/jdk-1.8.jdk/Contents/Home/jre/lib/ext:/Library/Java/Extensions:/Network/Library/Java/Extensions:/System/Library/Java/Extensions:/usr/lib/java"/>
    <property name="sun.boot.class.path" value="/Library/Java/JavaVirtualMachines/jdk-1.8.jdk/Contents/Home/jre/lib/resources.jar:/Library/Java/JavaVirtualMachines/jdk-1.8.jdk/Contents/Home/jre/lib/rt.jar:/Library/Java/JavaVirtualMachines/jdk-1.8.jdk/Contents/Home/jre/lib/jsse.jar:/Library/Java/JavaVirtualMachines/jdk-1.8.jdk/Contents/Home/jre/lib/jce.jar:/Library/Java/JavaVirtualMachines/jdk-1.8.jdk/Contents/Home/jre/lib/charsets.jar:/Library/Java/JavaVirtualMachines/jdk-1.8.jdk/Contents/Home/jre/lib/jfr.jar:/Library/Java/JavaVirtualMachines/jdk-1.8.jdk/Contents/Home/jre/classes"/>
    <property name="java.vendor" value="Oracle Corporation"/>
    <property name="java.specification.maintenance.version" value="6"/>
    <property name="maven.home" value="/Users/qinhaochang/Tool/apache-maven-3.9.9"/>
    <property name="file.separator" value="/"/>
    <property name="java.vendor.url.bug" value="https://bugreport.sun.com/bugreport/"/>
    <property name="sun.cpu.endian" value="little"/>
    <property name="sun.io.unicode.encoding" value="UnicodeBig"/>
    <property name="socksNonProxyHosts" value="local|*.local|169.254/16|*.169.254/16"/>
    <property name="ftp.nonProxyHosts" value="local|*.local|169.254/16|*.169.254/16"/>
    <property name="sun.cpu.isalist" value=""/>
  </properties>
  <testcase name="testListBlogWithEmptyQuery" classname="com.lrm.service.BlogServiceImplTest" time="0.002"/>
  <testcase name="testListRecommendBlogTop" classname="com.lrm.service.BlogServiceImplTest" time="0"/>
  <testcase name="testUpdateBlog" classname="com.lrm.service.BlogServiceImplTest" time="0"/>
  <testcase name="testGetAndConvert" classname="com.lrm.service.BlogServiceImplTest" time="0"/>
  <testcase name="testGetBlog" classname="com.lrm.service.BlogServiceImplTest" time="0"/>
  <testcase name="testGetAndConvertNotFound" classname="com.lrm.service.BlogServiceImplTest" time="0"/>
  <testcase name="testListBlogWithQuery" classname="com.lrm.service.BlogServiceImplTest" time="0"/>
  <testcase name="testListBlogBySearchQuery" classname="com.lrm.service.BlogServiceImplTest" time="0"/>
  <testcase name="testSaveBlogNew" classname="com.lrm.service.BlogServiceImplTest" time="0"/>
  <testcase name="testGetBlogNotFound" classname="com.lrm.service.BlogServiceImplTest" time="0"/>
  <testcase name="testUpdateBlogNotFound" classname="com.lrm.service.BlogServiceImplTest" time="0"/>
  <testcase name="testArchiveBlog" classname="com.lrm.service.BlogServiceImplTest" time="0"/>
  <testcase name="testListBlogByTagId" classname="com.lrm.service.BlogServiceImplTest" time="0"/>
  <testcase name="testSaveBlogExisting" classname="com.lrm.service.BlogServiceImplTest" time="0.001"/>
  <testcase name="testDeleteBlog" classname="com.lrm.service.BlogServiceImplTest" time="0"/>
  <testcase name="testListBlogWithPageable" classname="com.lrm.service.BlogServiceImplTest" time="0"/>
  <testcase name="testCountBlog" classname="com.lrm.service.BlogServiceImplTest" time="0"/>
</testsuite>